2025-12-14 05:39:34,808 - INFO - STARTING PIPELINE. Hardware detected: cuda
2025-12-14 05:39:34,809 - INFO - ========================================
2025-12-14 05:39:34,809 - INFO - PROCESSING DATASET: 60min
2025-12-14 05:39:34,809 - INFO - ========================================
2025-12-14 05:39:34,839 - INFO - Data Loaded. Train Size: 3214
2025-12-14 05:39:35,405 - INFO - Training GP: baseline_gp_raw...
2025-12-14 05:39:37,193 - INFO -    Step 0/100 - Loss: 0.747
2025-12-14 05:39:45,144 - INFO -    Step 25/100 - Loss: -0.365
2025-12-14 05:39:53,076 - INFO -    Step 50/100 - Loss: -1.643
2025-12-14 05:40:01,035 - INFO -    Step 75/100 - Loss: -2.726
2025-12-14 05:40:08,693 - INFO - Saved baseline_gp_raw
2025-12-14 05:40:08,693 - INFO - Training GP: physics_gp_matern...
2025-12-14 05:40:09,022 - INFO -    Step 0/100 - Loss: 0.766
2025-12-14 05:40:17,188 - INFO -    Step 25/100 - Loss: -0.362
2025-12-14 05:40:25,355 - INFO -    Step 50/100 - Loss: -1.613
2025-12-14 05:40:33,534 - INFO -    Step 75/100 - Loss: -2.461
2025-12-14 05:40:41,409 - INFO - Saved physics_gp_matern
2025-12-14 05:40:41,410 - INFO - Training GP: physics_gp_rbf...
2025-12-14 05:40:41,728 - INFO -    Step 0/100 - Loss: 0.748
2025-12-14 05:40:49,651 - INFO -    Step 25/100 - Loss: -0.366
2025-12-14 05:40:57,570 - INFO -    Step 50/100 - Loss: -1.624
2025-12-14 05:41:05,490 - INFO -    Step 75/100 - Loss: -2.477
2025-12-14 05:41:13,115 - INFO - Saved physics_gp_rbf
2025-12-14 05:41:13,116 - INFO - Training LSTM: lstm_raw...
2025-12-14 05:41:13,929 - INFO -    Epoch 0/50 - Loss: 0.0762
2025-12-14 05:41:21,999 - INFO -    Epoch 10/50 - Loss: 0.0004
2025-12-14 05:41:29,912 - INFO -    Epoch 20/50 - Loss: 0.0001
2025-12-14 05:41:37,850 - INFO -    Epoch 30/50 - Loss: 0.0001
2025-12-14 05:41:46,091 - INFO -    Epoch 40/50 - Loss: 0.0001
2025-12-14 05:41:53,471 - INFO - Saved lstm_raw
2025-12-14 05:41:53,472 - INFO - Training LSTM: lstm_csi...
2025-12-14 05:41:54,263 - INFO -    Epoch 0/50 - Loss: 0.4215
2025-12-14 05:42:02,244 - INFO -    Epoch 10/50 - Loss: 0.0005
2025-12-14 05:42:10,008 - INFO -    Epoch 20/50 - Loss: 0.0004
2025-12-14 05:42:17,497 - INFO -    Epoch 30/50 - Loss: 0.0004
2025-12-14 05:42:25,439 - INFO -    Epoch 40/50 - Loss: 0.0004
2025-12-14 05:42:32,646 - INFO - Saved lstm_csi
2025-12-14 05:42:32,648 - INFO - ========================================
2025-12-14 05:42:32,648 - INFO - PROCESSING DATASET: 5min
2025-12-14 05:42:32,648 - INFO - ========================================
2025-12-14 05:42:32,878 - INFO - Data Loaded. Train Size: 12000
2025-12-14 05:42:32,910 - INFO - Training GP: baseline_gp_raw...
2025-12-14 05:42:36,770 - INFO -    Step 0/100 - Loss: 0.741
2025-12-14 05:44:12,956 - INFO -    Step 25/100 - Loss: -0.372
2025-12-14 05:45:49,150 - INFO -    Step 50/100 - Loss: -1.658
2025-12-14 05:47:25,367 - INFO -    Step 75/100 - Loss: -2.754
2025-12-14 05:48:57,763 - INFO - Saved baseline_gp_raw
2025-12-14 05:48:57,763 - INFO - Training GP: physics_gp_matern...
2025-12-14 05:49:01,740 - INFO -    Step 0/100 - Loss: 0.751
2025-12-14 05:50:41,119 - INFO -    Step 25/100 - Loss: -0.372
2025-12-14 05:52:20,496 - INFO -    Step 50/100 - Loss: -1.664
2025-12-14 05:53:59,878 - INFO -    Step 75/100 - Loss: -2.834
2025-12-14 05:55:35,296 - INFO - Saved physics_gp_matern
2025-12-14 05:55:35,297 - INFO - Training GP: physics_gp_rbf...
2025-12-14 05:55:39,147 - INFO -    Step 0/100 - Loss: 0.741
2025-12-14 05:57:15,331 - INFO -    Step 25/100 - Loss: -0.374
2025-12-14 05:58:51,511 - INFO -    Step 50/100 - Loss: -1.669
2025-12-14 06:00:27,692 - INFO -    Step 75/100 - Loss: -2.848
2025-12-14 06:02:00,045 - INFO - Saved physics_gp_rbf
2025-12-14 06:02:00,046 - INFO - Training LSTM: lstm_raw...
2025-12-14 06:02:02,886 - INFO -    Epoch 0/50 - Loss: 0.0368
2025-12-14 06:02:31,638 - INFO -    Epoch 10/50 - Loss: 0.0001
2025-12-14 06:03:01,646 - INFO -    Epoch 20/50 - Loss: 0.0001
2025-12-14 06:03:30,185 - INFO -    Epoch 30/50 - Loss: 0.0001
2025-12-14 06:03:59,431 - INFO -    Epoch 40/50 - Loss: 0.0001
2025-12-14 06:04:25,124 - INFO - Saved lstm_raw
2025-12-14 06:04:25,125 - INFO - Training LSTM: lstm_csi...
2025-12-14 06:04:27,685 - INFO -    Epoch 0/50 - Loss: 0.1029
2025-12-14 06:04:57,015 - INFO -    Epoch 10/50 - Loss: 0.0000
2025-12-14 06:05:25,804 - INFO -    Epoch 20/50 - Loss: 0.0000
2025-12-14 06:05:59,098 - INFO -    Epoch 30/50 - Loss: 0.0000
2025-12-14 06:06:28,468 - INFO -    Epoch 40/50 - Loss: 0.0000
2025-12-14 06:06:54,958 - INFO - Saved lstm_csi
2025-12-14 06:06:54,965 - INFO - PIPELINE COMPLETE.
